<test-run id="2" duration="0.5455549000000001" testcasecount="7" total="7" passed="7" failed="0" inconclusive="0" skipped="0" result="Passed" start-time="2023-09-15T 16:23:56Z" end-time="2023-09-15T 16:23:58Z">
  <test-suite type="Assembly" name="SimpleServer.Test.dll" fullname="/Users/admin/Downloads/SimpleAngular/Simple-Angular/ServerTest/bin/Debug/net7.0/SimpleServer.Test.dll" total="7" passed="7" failed="0" inconclusive="0" skipped="0" result="Passed" start-time="2023-09-15T 16:23:57Z" end-time="2023-09-15T 16:23:58Z" duration="0.5455549">
    <test-suite type="TestSuite" name="SimpleServer" fullname="SimpleServer" total="7" passed="7" failed="0" inconclusive="0" skipped="0" result="Passed" start-time="2023-09-15T 16:23:57Z" end-time="2023-09-15T 16:23:58Z" duration="0.5455549">
      <test-suite type="TestSuite" name="Test" fullname="SimpleServer.Test" total="7" passed="7" failed="0" inconclusive="0" skipped="0" result="Passed" start-time="2023-09-15T 16:23:57Z" end-time="2023-09-15T 16:23:58Z" duration="0.5455549">
        <test-suite type="TestFixture" name="TestMovieService" fullname="SimpleServer.Test.TestMovieService" classname="SimpleServer.Test.TestMovieService" total="7" passed="7" failed="0" inconclusive="0" skipped="0" result="Passed" start-time="2023-09-15T 16:23:57Z" end-time="2023-09-15T 16:23:58Z" duration="0.5455549">
          <test-case name="GetAllMoviesAsync_WithDifferenceMoviesCount_ReturnsCorrectChunkSize(0,0)" fullname="SimpleServer.Test.TestMovieService.GetAllMoviesAsync_WithDifferenceMoviesCount_ReturnsCorrectChunkSize(0,0)" methodname="GetAllMoviesAsync_WithDifferenceMoviesCount_ReturnsCorrectChunkSize(0,0)" classname="TestMovieService" result="Passed" start-time="2023-09-15T 16:23:57Z" end-time="2023-09-15T 16:23:58Z" duration="0.515782" asserts="0" seed="314761066" />
          <test-case name="GetAllMoviesAsync_WithDifferenceMoviesCount_ReturnsCorrectChunkSize(3,1)" fullname="SimpleServer.Test.TestMovieService.GetAllMoviesAsync_WithDifferenceMoviesCount_ReturnsCorrectChunkSize(3,1)" methodname="GetAllMoviesAsync_WithDifferenceMoviesCount_ReturnsCorrectChunkSize(3,1)" classname="TestMovieService" result="Passed" start-time="2023-09-15T 16:23:58Z" end-time="2023-09-15T 16:23:58Z" duration="0.012468" asserts="0" seed="1237080817" />
          <test-case name="GetAllMoviesAsync_WithDifferenceMoviesCount_ReturnsCorrectChunkSize(5,1)" fullname="SimpleServer.Test.TestMovieService.GetAllMoviesAsync_WithDifferenceMoviesCount_ReturnsCorrectChunkSize(5,1)" methodname="GetAllMoviesAsync_WithDifferenceMoviesCount_ReturnsCorrectChunkSize(5,1)" classname="TestMovieService" result="Passed" start-time="2023-09-15T 16:23:58Z" end-time="2023-09-15T 16:23:58Z" duration="0.0014009" asserts="0" seed="676826627" />
          <test-case name="GetAllMoviesAsync_WithDifferenceMoviesCount_ReturnsCorrectChunkSize(6,2)" fullname="SimpleServer.Test.TestMovieService.GetAllMoviesAsync_WithDifferenceMoviesCount_ReturnsCorrectChunkSize(6,2)" methodname="GetAllMoviesAsync_WithDifferenceMoviesCount_ReturnsCorrectChunkSize(6,2)" classname="TestMovieService" result="Passed" start-time="2023-09-15T 16:23:58Z" end-time="2023-09-15T 16:23:58Z" duration="0.000789" asserts="0" seed="1772553138" />
          <test-case name="GetAllMoviesAsync_WithDifferenceMoviesCount_ReturnsCorrectChunkSize(10,2)" fullname="SimpleServer.Test.TestMovieService.GetAllMoviesAsync_WithDifferenceMoviesCount_ReturnsCorrectChunkSize(10,2)" methodname="GetAllMoviesAsync_WithDifferenceMoviesCount_ReturnsCorrectChunkSize(10,2)" classname="TestMovieService" result="Passed" start-time="2023-09-15T 16:23:58Z" end-time="2023-09-15T 16:23:58Z" duration="0.000641" asserts="0" seed="429129686" />
          <test-case name="GetAllMoviesAsync_WithDifferenceMoviesCount_ReturnsCorrectChunkSize(11,3)" fullname="SimpleServer.Test.TestMovieService.GetAllMoviesAsync_WithDifferenceMoviesCount_ReturnsCorrectChunkSize(11,3)" methodname="GetAllMoviesAsync_WithDifferenceMoviesCount_ReturnsCorrectChunkSize(11,3)" classname="TestMovieService" result="Passed" start-time="2023-09-15T 16:23:58Z" end-time="2023-09-15T 16:23:58Z" duration="0.000558" asserts="0" seed="1220798857" />
          <test-case name="GetAllMoviesAsync_WithDifferenceMoviesCount_ReturnsCorrectChunkSize(1000,200)" fullname="SimpleServer.Test.TestMovieService.GetAllMoviesAsync_WithDifferenceMoviesCount_ReturnsCorrectChunkSize(1000,200)" methodname="GetAllMoviesAsync_WithDifferenceMoviesCount_ReturnsCorrectChunkSize(1000,200)" classname="TestMovieService" result="Passed" start-time="2023-09-15T 16:23:58Z" end-time="2023-09-15T 16:23:58Z" duration="0.013916" asserts="0" seed="462139655" />
        </test-suite>
      </test-suite>
    </test-suite>
    <errors />
  </test-suite>
</test-run>